<?xml version="1.0" encoding="UTF-8"?>
<testng-results ignored="0" total="5" passed="5" failed="0" skipped="0">
  <reporter-output>
  </reporter-output>
  <suite started-at="2020-02-14T19:06:13Z" name="Default suite" finished-at="2020-02-14T19:06:46Z" duration-ms="32857">
    <groups>
    </groups>
    <test started-at="2020-02-14T19:06:13Z" name="Default test" finished-at="2020-02-14T19:06:46Z" duration-ms="32857">
      <class name="WWPageTest.WWPageTest">
        <test-method is-config="true" signature="beforeClass()[pri:0, instance:WWPageTest.WWPageTest@6591f517]" started-at="2020-02-14T14:06:13Z" name="beforeClass" finished-at="2020-02-14T14:06:17Z" duration-ms="4499" status="PASS">
          <reporter-output>
          </reporter-output>
        </test-method> <!-- beforeClass -->
        <test-method signature="assertHomepageTitle()[pri:0, instance:WWPageTest.WWPageTest@6591f517]" started-at="2020-02-14T14:06:17Z" name="assertHomepageTitle" finished-at="2020-02-14T14:06:26Z" duration-ms="8766" status="PASS">
          <reporter-output>
          </reporter-output>
        </test-method> <!-- assertHomepageTitle -->
        <test-method signature="closeMyWWPopup()[pri:1, instance:WWPageTest.WWPageTest@6591f517]" started-at="2020-02-14T14:06:26Z" name="closeMyWWPopup" finished-at="2020-02-14T14:06:44Z" duration-ms="17811" status="PASS">
          <reporter-output>
          </reporter-output>
        </test-method> <!-- closeMyWWPopup -->
        <test-method signature="findAStudioPageTitle()[pri:2, instance:WWPageTest.WWPageTest@6591f517]" started-at="2020-02-14T14:06:44Z" name="findAStudioPageTitle" finished-at="2020-02-14T14:06:44Z" duration-ms="36" status="PASS">
          <reporter-output>
          </reporter-output>
        </test-method> <!-- findAStudioPageTitle -->
        <test-method signature="searchByZipcode()[pri:3, instance:WWPageTest.WWPageTest@6591f517]" started-at="2020-02-14T14:06:44Z" name="searchByZipcode" finished-at="2020-02-14T14:06:45Z" duration-ms="1148" status="PASS">
          <reporter-output>
          </reporter-output>
        </test-method> <!-- searchByZipcode -->
        <test-method signature="searchResults()[pri:4, instance:WWPageTest.WWPageTest@6591f517]" started-at="2020-02-14T14:06:45Z" name="searchResults" finished-at="2020-02-14T14:06:46Z" duration-ms="462" status="PASS">
          <reporter-output>
          </reporter-output>
        </test-method> <!-- searchResults -->
        <test-method is-config="true" signature="afterClass()[pri:0, instance:WWPageTest.WWPageTest@6591f517]" started-at="2020-02-14T14:06:46Z" name="afterClass" finished-at="2020-02-14T14:06:46Z" duration-ms="119" status="PASS">
          <reporter-output>
          </reporter-output>
        </test-method> <!-- afterClass -->
      </class> <!-- WWPageTest.WWPageTest -->
    </test> <!-- Default test -->
  </suite> <!-- Default suite -->
</testng-results>
